mode: atomic
github.com/jaipreeth/pebble/backend/internal/db/connect.go:17.78,20.16 2 0
github.com/jaipreeth/pebble/backend/internal/db/connect.go:20.16,22.3 1 0
github.com/jaipreeth/pebble/backend/internal/db/connect.go:26.2,35.16 7 0
github.com/jaipreeth/pebble/backend/internal/db/connect.go:35.16,37.3 1 0
github.com/jaipreeth/pebble/backend/internal/db/connect.go:40.2,40.39 1 0
github.com/jaipreeth/pebble/backend/internal/db/connect.go:40.39,43.3 2 0
github.com/jaipreeth/pebble/backend/internal/db/connect.go:45.2,46.18 2 0
github.com/jaipreeth/pebble/backend/internal/db/migrations.go:17.69,25.16 4 0
github.com/jaipreeth/pebble/backend/internal/db/migrations.go:25.16,27.3 1 0
github.com/jaipreeth/pebble/backend/internal/db/migrations.go:28.2,31.31 2 0
github.com/jaipreeth/pebble/backend/internal/db/migrations.go:31.31,34.42 1 0
github.com/jaipreeth/pebble/backend/internal/db/migrations.go:34.42,37.4 2 0
github.com/jaipreeth/pebble/backend/internal/db/migrations.go:38.3,38.57 1 0
github.com/jaipreeth/pebble/backend/internal/db/migrations.go:41.2,42.12 2 0
github.com/jaipreeth/pebble/backend/cmd/bill-service/handler.go:12.62,13.54 1 0
github.com/jaipreeth/pebble/backend/cmd/bill-service/handler.go:13.54,16.56 2 0
github.com/jaipreeth/pebble/backend/cmd/bill-service/handler.go:16.56,19.4 2 0
github.com/jaipreeth/pebble/backend/cmd/bill-service/handler.go:21.3,22.17 2 0
github.com/jaipreeth/pebble/backend/cmd/bill-service/handler.go:22.17,25.4 2 0
github.com/jaipreeth/pebble/backend/cmd/bill-service/handler.go:26.3,29.17 3 0
github.com/jaipreeth/pebble/backend/cmd/bill-service/handler.go:29.17,32.4 2 0
github.com/jaipreeth/pebble/backend/cmd/bill-service/handler.go:35.3,36.17 2 0
github.com/jaipreeth/pebble/backend/cmd/bill-service/handler.go:36.17,39.4 2 0
github.com/jaipreeth/pebble/backend/cmd/bill-service/handler.go:41.3,49.5 2 0
github.com/jaipreeth/pebble/backend/cmd/bill-service/main.go:12.13,16.16 3 0
github.com/jaipreeth/pebble/backend/cmd/bill-service/main.go:16.16,18.3 1 0
github.com/jaipreeth/pebble/backend/cmd/bill-service/main.go:20.2,30.56 6 0
github.com/jaipreeth/pebble/backend/cmd/bill-service/main.go:30.56,32.3 1 0
github.com/jaipreeth/pebble/backend/cmd/bill-service/s3_upload.go:18.59,23.2 1 0
github.com/jaipreeth/pebble/backend/cmd/bill-service/s3_upload.go:26.109,35.2 3 0
github.com/jaipreeth/pebble/backend/cmd/scoring-service/main.go:20.13,27.16 5 0
github.com/jaipreeth/pebble/backend/cmd/scoring-service/main.go:27.16,29.3 1 0
github.com/jaipreeth/pebble/backend/cmd/scoring-service/main.go:32.2,33.16 2 0
github.com/jaipreeth/pebble/backend/cmd/scoring-service/main.go:33.16,35.3 1 0
github.com/jaipreeth/pebble/backend/cmd/scoring-service/main.go:36.2,39.88 2 0
github.com/jaipreeth/pebble/backend/cmd/scoring-service/main.go:39.88,41.54 2 0
github.com/jaipreeth/pebble/backend/cmd/scoring-service/main.go:41.54,43.4 1 0
github.com/jaipreeth/pebble/backend/cmd/scoring-service/main.go:45.3,55.13 2 0
github.com/jaipreeth/pebble/backend/cmd/scoring-service/main.go:58.2,58.16 1 0
github.com/jaipreeth/pebble/backend/cmd/scoring-service/main.go:58.16,60.3 1 0
github.com/jaipreeth/pebble/backend/cmd/scoring-service/main.go:62.2,65.52 4 0
github.com/jaipreeth/pebble/backend/internal/config/config.go:63.30,115.2 3 0
github.com/jaipreeth/pebble/backend/internal/config/config.go:118.39,120.2 1 0
github.com/jaipreeth/pebble/backend/internal/config/config.go:127.36,129.13 2 0
github.com/jaipreeth/pebble/backend/internal/config/config.go:129.13,130.113 1 0
github.com/jaipreeth/pebble/backend/internal/config/config.go:132.2,132.10 1 0
github.com/jaipreeth/pebble/backend/internal/config/config.go:136.44,137.34 1 0
github.com/jaipreeth/pebble/backend/internal/config/config.go:137.34,139.3 1 0
github.com/jaipreeth/pebble/backend/internal/config/config.go:140.2,140.19 1 0
github.com/jaipreeth/pebble/backend/internal/config/config.go:144.48,145.34 1 0
github.com/jaipreeth/pebble/backend/internal/config/config.go:145.34,146.44 1 0
github.com/jaipreeth/pebble/backend/internal/config/config.go:146.44,148.4 1 0
github.com/jaipreeth/pebble/backend/internal/config/config.go:150.2,150.19 1 0
github.com/jaipreeth/pebble/backend/internal/auth/jwt.go:28.61,31.16 2 0
github.com/jaipreeth/pebble/backend/internal/auth/jwt.go:31.16,33.3 1 0
github.com/jaipreeth/pebble/backend/internal/auth/jwt.go:34.2,35.16 2 0
github.com/jaipreeth/pebble/backend/internal/auth/jwt.go:35.16,37.3 1 0
github.com/jaipreeth/pebble/backend/internal/auth/jwt.go:40.2,41.16 2 0
github.com/jaipreeth/pebble/backend/internal/auth/jwt.go:41.16,43.3 1 0
github.com/jaipreeth/pebble/backend/internal/auth/jwt.go:44.2,45.16 2 0
github.com/jaipreeth/pebble/backend/internal/auth/jwt.go:45.16,47.3 1 0
github.com/jaipreeth/pebble/backend/internal/auth/jwt.go:49.2,53.8 1 0
github.com/jaipreeth/pebble/backend/internal/auth/jwt.go:57.70,72.2 3 0
github.com/jaipreeth/pebble/backend/internal/auth/jwt.go:75.74,76.107 1 0
github.com/jaipreeth/pebble/backend/internal/auth/jwt.go:76.107,78.57 1 0
github.com/jaipreeth/pebble/backend/internal/auth/jwt.go:78.57,80.4 1 0
github.com/jaipreeth/pebble/backend/internal/auth/jwt.go:82.3,82.26 1 0
github.com/jaipreeth/pebble/backend/internal/auth/jwt.go:85.2,85.16 1 0
github.com/jaipreeth/pebble/backend/internal/auth/jwt.go:85.16,87.3 1 0
github.com/jaipreeth/pebble/backend/internal/auth/jwt.go:89.2,89.67 1 0
github.com/jaipreeth/pebble/backend/internal/auth/jwt.go:89.67,91.3 1 0
github.com/jaipreeth/pebble/backend/internal/auth/jwt.go:92.2,92.48 1 0
github.com/jaipreeth/pebble/backend/internal/auth/middleware.go:17.74,18.46 1 0
github.com/jaipreeth/pebble/backend/internal/auth/middleware.go:18.46,19.72 1 0
github.com/jaipreeth/pebble/backend/internal/auth/middleware.go:19.72,21.69 2 0
github.com/jaipreeth/pebble/backend/internal/auth/middleware.go:21.69,24.5 2 0
github.com/jaipreeth/pebble/backend/internal/auth/middleware.go:26.4,28.18 3 0
github.com/jaipreeth/pebble/backend/internal/auth/middleware.go:28.18,31.5 2 0
github.com/jaipreeth/pebble/backend/internal/auth/middleware.go:34.4,35.41 2 0
github.com/jaipreeth/pebble/backend/internal/auth/middleware.go:42.86,44.46 2 0
github.com/jaipreeth/pebble/backend/internal/auth/middleware.go:44.46,45.72 1 0
github.com/jaipreeth/pebble/backend/internal/auth/middleware.go:45.72,46.24 1 0
github.com/jaipreeth/pebble/backend/internal/auth/middleware.go:46.24,49.5 2 0
github.com/jaipreeth/pebble/backend/internal/auth/middleware.go:50.4,50.24 1 0
github.com/jaipreeth/pebble/backend/internal/auth/otp.go:19.52,21.2 1 0
github.com/jaipreeth/pebble/backend/internal/auth/otp.go:24.81,30.27 3 0
github.com/jaipreeth/pebble/backend/internal/auth/otp.go:30.27,33.3 2 0
github.com/jaipreeth/pebble/backend/internal/auth/otp.go:37.2,39.17 2 0
github.com/jaipreeth/pebble/backend/internal/auth/otp.go:43.98,47.2 1 0
github.com/jaipreeth/pebble/backend/cmd/api-gateway/main.go:17.13,26.16 5 0
github.com/jaipreeth/pebble/backend/cmd/api-gateway/main.go:26.16,28.3 1 0
github.com/jaipreeth/pebble/backend/cmd/api-gateway/main.go:31.2,34.16 4 0
github.com/jaipreeth/pebble/backend/cmd/api-gateway/main.go:34.16,36.3 1 0
github.com/jaipreeth/pebble/backend/cmd/api-gateway/main.go:37.2,41.16 3 0
github.com/jaipreeth/pebble/backend/cmd/api-gateway/main.go:41.16,43.3 1 0
github.com/jaipreeth/pebble/backend/cmd/api-gateway/main.go:44.2,51.12 4 0
github.com/jaipreeth/pebble/backend/cmd/api-gateway/main.go:51.12,52.37 1 0
github.com/jaipreeth/pebble/backend/cmd/api-gateway/main.go:52.37,54.4 1 0
github.com/jaipreeth/pebble/backend/cmd/api-gateway/main.go:58.2,65.46 7 0
github.com/jaipreeth/pebble/backend/cmd/api-gateway/main.go:65.46,67.3 1 0
github.com/jaipreeth/pebble/backend/cmd/api-gateway/main.go:68.2,68.42 1 0
github.com/jaipreeth/pebble/backend/cmd/api-gateway/router.go:15.127,26.64 7 0
github.com/jaipreeth/pebble/backend/cmd/api-gateway/router.go:26.64,28.3 1 0
github.com/jaipreeth/pebble/backend/cmd/api-gateway/router.go:31.2,31.40 1 0
github.com/jaipreeth/pebble/backend/cmd/api-gateway/router.go:31.40,33.39 1 0
github.com/jaipreeth/pebble/backend/cmd/api-gateway/router.go:33.39,39.4 5 0
github.com/jaipreeth/pebble/backend/cmd/api-gateway/router.go:42.3,42.30 1 0
github.com/jaipreeth/pebble/backend/cmd/api-gateway/router.go:42.30,45.62 2 0
github.com/jaipreeth/pebble/backend/cmd/api-gateway/router.go:45.62,49.5 2 0
github.com/jaipreeth/pebble/backend/cmd/api-gateway/router.go:52.4,52.48 1 0
github.com/jaipreeth/pebble/backend/cmd/api-gateway/router.go:52.48,58.5 5 0
github.com/jaipreeth/pebble/backend/cmd/api-gateway/router.go:61.4,61.46 1 0
github.com/jaipreeth/pebble/backend/cmd/api-gateway/router.go:61.46,63.5 1 0
github.com/jaipreeth/pebble/backend/cmd/api-gateway/router.go:69.2,69.10 1 0
github.com/jaipreeth/pebble/backend/cmd/api-gateway/router.go:74.69,75.54 1 0
github.com/jaipreeth/pebble/backend/cmd/api-gateway/router.go:75.54,77.3 1 0
github.com/jaipreeth/pebble/backend/cmd/api-gateway/router.go:80.62,81.54 1 0
github.com/jaipreeth/pebble/backend/cmd/api-gateway/router.go:81.54,84.3 1 0
github.com/jaipreeth/pebble/backend/cmd/api-gateway/router.go:87.66,88.54 1 0
github.com/jaipreeth/pebble/backend/cmd/api-gateway/router.go:88.54,91.3 2 0
github.com/jaipreeth/pebble/backend/cmd/api-gateway/router.go:94.68,95.54 1 0
github.com/jaipreeth/pebble/backend/cmd/api-gateway/router.go:95.54,97.3 1 0
github.com/jaipreeth/pebble/backend/cmd/api-gateway/router.go:100.70,101.54 1 0
github.com/jaipreeth/pebble/backend/cmd/api-gateway/router.go:101.54,109.3 2 0
github.com/jaipreeth/pebble/backend/cmd/api-gateway/router.go:112.65,113.54 1 0
github.com/jaipreeth/pebble/backend/cmd/api-gateway/router.go:113.54,120.3 2 0
github.com/jaipreeth/pebble/backend/cmd/api-gateway/router.go:125.87,126.54 1 0
github.com/jaipreeth/pebble/backend/cmd/api-gateway/router.go:126.54,130.3 2 0
github.com/jaipreeth/pebble/backend/cmd/api-gateway/router.go:133.119,134.54 1 0
github.com/jaipreeth/pebble/backend/cmd/api-gateway/router.go:134.54,137.3 1 0
github.com/jaipreeth/pebble/backend/cmd/api-gateway/router.go:140.86,141.54 1 0
github.com/jaipreeth/pebble/backend/cmd/api-gateway/router.go:141.54,144.3 1 0
github.com/jaipreeth/pebble/backend/cmd/api-gateway/router.go:147.66,148.54 1 0
github.com/jaipreeth/pebble/backend/cmd/api-gateway/router.go:148.54,151.3 1 0
github.com/jaipreeth/pebble/backend/cmd/api-gateway/router.go:154.38,155.54 1 0
github.com/jaipreeth/pebble/backend/cmd/api-gateway/router.go:155.54,158.3 1 0
github.com/jaipreeth/pebble/backend/cmd/api-gateway/server.go:17.54,24.2 1 0
github.com/jaipreeth/pebble/backend/cmd/api-gateway/server.go:27.32,29.85 2 0
github.com/jaipreeth/pebble/backend/cmd/api-gateway/server.go:29.85,31.3 1 0
github.com/jaipreeth/pebble/backend/cmd/api-gateway/server.go:32.2,32.12 1 0
github.com/jaipreeth/pebble/backend/cmd/api-gateway/server.go:36.50,38.2 1 0
github.com/jaipreeth/pebble/backend/cmd/penalty-service/main.go:17.13,23.16 5 0
github.com/jaipreeth/pebble/backend/cmd/penalty-service/main.go:23.16,25.3 1 0
github.com/jaipreeth/pebble/backend/cmd/penalty-service/main.go:27.2,30.16 4 0
github.com/jaipreeth/pebble/backend/cmd/penalty-service/main.go:30.16,32.3 1 0
github.com/jaipreeth/pebble/backend/cmd/penalty-service/main.go:33.2,36.16 3 0
github.com/jaipreeth/pebble/backend/cmd/penalty-service/main.go:36.16,38.3 1 0
github.com/jaipreeth/pebble/backend/cmd/penalty-service/main.go:39.2,43.12 2 0
github.com/jaipreeth/pebble/backend/cmd/penalty-service/main.go:43.12,46.7 3 0
github.com/jaipreeth/pebble/backend/cmd/penalty-service/main.go:46.7,52.4 2 0
github.com/jaipreeth/pebble/backend/cmd/penalty-service/main.go:56.2,56.92 1 0
github.com/jaipreeth/pebble/backend/cmd/penalty-service/main.go:56.92,67.3 2 0
github.com/jaipreeth/pebble/backend/cmd/penalty-service/main.go:69.2,69.16 1 0
github.com/jaipreeth/pebble/backend/cmd/penalty-service/main.go:69.16,71.3 1 0
github.com/jaipreeth/pebble/backend/cmd/penalty-service/main.go:73.2,76.52 4 0
github.com/jaipreeth/pebble/backend/internal/httputil/response.go:11.74,13.16 2 0
github.com/jaipreeth/pebble/backend/internal/httputil/response.go:13.16,18.3 4 0
github.com/jaipreeth/pebble/backend/internal/httputil/response.go:19.2,21.19 3 0
github.com/jaipreeth/pebble/backend/internal/httputil/response.go:25.76,30.2 1 0
github.com/jaipreeth/pebble/backend/internal/queue/rabbitmq.go:18.45,20.16 2 0
github.com/jaipreeth/pebble/backend/internal/queue/rabbitmq.go:20.16,22.3 1 0
github.com/jaipreeth/pebble/backend/internal/queue/rabbitmq.go:24.2,25.16 2 0
github.com/jaipreeth/pebble/backend/internal/queue/rabbitmq.go:25.16,27.3 1 0
github.com/jaipreeth/pebble/backend/internal/queue/rabbitmq.go:30.2,31.16 2 0
github.com/jaipreeth/pebble/backend/internal/queue/rabbitmq.go:31.16,33.3 1 0
github.com/jaipreeth/pebble/backend/internal/queue/rabbitmq.go:36.2,37.16 2 0
github.com/jaipreeth/pebble/backend/internal/queue/rabbitmq.go:37.16,39.3 1 0
github.com/jaipreeth/pebble/backend/internal/queue/rabbitmq.go:41.2,41.43 1 0
github.com/jaipreeth/pebble/backend/internal/queue/rabbitmq.go:45.28,48.2 2 0
github.com/jaipreeth/pebble/backend/internal/queue/rabbitmq.go:51.92,53.16 2 0
github.com/jaipreeth/pebble/backend/internal/queue/rabbitmq.go:53.16,55.3 1 0
github.com/jaipreeth/pebble/backend/internal/queue/rabbitmq.go:57.2,62.16 2 0
github.com/jaipreeth/pebble/backend/internal/queue/rabbitmq.go:62.16,64.3 1 0
github.com/jaipreeth/pebble/backend/internal/queue/rabbitmq.go:66.2,67.12 2 0
github.com/jaipreeth/pebble/backend/internal/queue/rabbitmq.go:71.97,75.16 3 0
github.com/jaipreeth/pebble/backend/internal/queue/rabbitmq.go:75.16,77.3 1 0
github.com/jaipreeth/pebble/backend/internal/queue/rabbitmq.go:78.2,86.16 4 0
github.com/jaipreeth/pebble/backend/internal/queue/rabbitmq.go:86.16,88.3 1 0
github.com/jaipreeth/pebble/backend/internal/queue/rabbitmq.go:91.2,92.16 2 0
github.com/jaipreeth/pebble/backend/internal/queue/rabbitmq.go:92.16,94.3 1 0
github.com/jaipreeth/pebble/backend/internal/queue/rabbitmq.go:97.2,98.16 2 0
github.com/jaipreeth/pebble/backend/internal/queue/rabbitmq.go:98.16,100.3 1 0
github.com/jaipreeth/pebble/backend/internal/queue/rabbitmq.go:102.2,102.12 1 0
github.com/jaipreeth/pebble/backend/internal/queue/rabbitmq.go:102.12,103.23 1 0
github.com/jaipreeth/pebble/backend/internal/queue/rabbitmq.go:103.23,104.42 1 0
github.com/jaipreeth/pebble/backend/internal/queue/rabbitmq.go:104.42,107.5 2 0
github.com/jaipreeth/pebble/backend/internal/queue/rabbitmq.go:107.10,109.5 1 0
github.com/jaipreeth/pebble/backend/internal/queue/rabbitmq.go:113.2,114.12 2 0
github.com/jaipreeth/pebble/backend/pkg/ocr/client.go:15.53,17.2 1 0
github.com/jaipreeth/pebble/backend/pkg/ocr/client.go:20.92,25.2 2 0
github.com/jaipreeth/pebble/backend/pkg/llm/gemini.go:28.81,29.18 1 0
github.com/jaipreeth/pebble/backend/pkg/llm/gemini.go:29.18,31.3 1 0
github.com/jaipreeth/pebble/backend/pkg/llm/gemini.go:33.2,34.16 2 0
github.com/jaipreeth/pebble/backend/pkg/llm/gemini.go:34.16,36.3 1 0
github.com/jaipreeth/pebble/backend/pkg/llm/gemini.go:38.2,38.43 1 0
github.com/jaipreeth/pebble/backend/pkg/llm/gemini.go:42.32,44.2 1 0
github.com/jaipreeth/pebble/backend/pkg/llm/gemini.go:48.108,74.16 5 0
github.com/jaipreeth/pebble/backend/pkg/llm/gemini.go:74.16,76.3 1 0
github.com/jaipreeth/pebble/backend/pkg/llm/gemini.go:78.2,78.77 1 0
github.com/jaipreeth/pebble/backend/pkg/llm/gemini.go:78.77,80.3 1 0
github.com/jaipreeth/pebble/backend/pkg/llm/gemini.go:83.2,84.70 2 0
github.com/jaipreeth/pebble/backend/pkg/llm/gemini.go:84.70,86.3 1 0
github.com/jaipreeth/pebble/backend/pkg/llm/gemini.go:86.8,88.3 1 0
github.com/jaipreeth/pebble/backend/pkg/llm/gemini.go:91.2,96.65 4 0
github.com/jaipreeth/pebble/backend/pkg/llm/gemini.go:96.65,99.3 2 0
github.com/jaipreeth/pebble/backend/pkg/llm/gemini.go:101.2,102.21 2 0
